c:\users\see\source\repos\serverpf\serverpf\x64\release\vc143.pdb
c:\users\see\source\repos\serverpf\serverpf\x64\release\zone.obj
c:\users\see\source\repos\serverpf\serverpf\x64\release\visioncube.obj
c:\users\see\source\repos\serverpf\serverpf\x64\release\state.obj
c:\users\see\source\repos\serverpf\serverpf\x64\release\shareddbmanager.obj
c:\users\see\source\repos\serverpf\serverpf\x64\release\sessionmanager.obj
c:\users\see\source\repos\serverpf\serverpf\x64\release\room.obj
c:\users\see\source\repos\serverpf\serverpf\x64\release\questmanager.obj
c:\users\see\source\repos\serverpf\serverpf\x64\release\objectmanager.obj
c:\users\see\source\repos\serverpf\serverpf\x64\release\main.obj
c:\users\see\source\repos\serverpf\serverpf\x64\release\gameobject.obj
c:\users\see\source\repos\serverpf\serverpf\x64\release\gamedbmanager.obj
c:\users\see\source\repos\serverpf\serverpf\x64\release\dbmanager.obj
c:\users\see\source\repos\serverpf\serverpf\x64\release\clientsession.obj
c:\users\see\source\repos\serverpf\serverpf\x64\release\clientpackethandler.obj
c:\users\see\source\repos\serverpf\serverpf\x64\release\datamanager.obj
c:\users\see\source\repos\serverpf\serverpf\x64\release\inventory.obj
c:\users\see\source\repos\serverpf\serverpf\x64\release\jwthandler.obj
c:\users\see\source\repos\serverpf\serverpf\x64\release\roommanager.obj
c:\users\see\source\repos\serverpf\serverpf\x64\release\configmanager.obj
c:\users\see\source\repos\serverpf\serverpf\x64\release\protocol3.pb.obj
c:\users\see\source\repos\serverpf\serverpf\x64\release\csvreader.obj
c:\users\see\source\repos\serverpf\serverpf\x64\release\serverpf.pch
c:\users\see\source\repos\serverpf\serverpf\x64\release\pch.obj
c:\users\see\source\repos\serverpf\serverpf\x64\release\redismanager.obj
c:\users\see\source\repos\serverpf\serverpf\x64\release\quest.obj
c:\users\see\source\repos\serverpf\serverpf\x64\release\jsonparser.obj
c:\users\see\source\repos\serverpf\serverpf\x64\release\item.obj
c:\users\see\source\repos\serverpf\serverpf\x64\release\dbdatamodel.obj
c:\users\see\source\repos\serverpf\serverpf\x64\release\datacontents.obj
c:\users\see\source\repos\serverpf\x64\release\serverpf.exe
c:\users\see\source\repos\serverpf\x64\release\serverpf.pdb
c:\users\see\source\repos\serverpf\serverpf\x64\release\serverpf.iobj
c:\users\see\source\repos\serverpf\serverpf\x64\release\serverpf.ipdb
c:\users\see\source\repos\serverpf\serverpf\x64\release\serverpf.tlog\cl.command.1.tlog
c:\users\see\source\repos\serverpf\serverpf\x64\release\serverpf.tlog\cl.read.1.tlog
c:\users\see\source\repos\serverpf\serverpf\x64\release\serverpf.tlog\cl.write.1.tlog
c:\users\see\source\repos\serverpf\serverpf\x64\release\serverpf.tlog\link.command.1.tlog
c:\users\see\source\repos\serverpf\serverpf\x64\release\serverpf.tlog\link.read.1.tlog
c:\users\see\source\repos\serverpf\serverpf\x64\release\serverpf.tlog\link.write.1.tlog
