  pch.cpp
  Allocator.cpp
  ConsoleLog.cpp
  DBBind.cpp
  DBConnection.cpp
  DBConnectionPool.cpp
  CoreGlobal.cpp
  DBModel.cpp
  DBSynchronizer.cpp
  DeadLockProfiler.cpp
  FileUtils.cpp
  GlobalQueue.cpp
  IocpCore.cpp
  IocpEvent.cpp
  Job.cpp
  JobQueue.cpp
  JobTimer.cpp
  ListenSession.cpp
  Lock.cpp
  LockQueue.cpp
  Memory.cpp
  컴파일하고 있습니다...
  MemoryPool.cpp
  NetService.cpp
  SocketUtils.cpp
  ObjectPool.cpp
  RecvBuffer.cpp
  SendBuffer.cpp
  Session.cpp
  ThreadManager.cpp
  CorePch.cpp
  XmlParser.cpp
  MyServerCore.vcxproj -> C:\Users\see\source\repos\ServerPF\Library\lib\MyServerCore\Release\MyServerCore.lib
