c:\users\see\source\repos\serverpf\myservercore\x64\release\myservercore.pch
c:\users\see\source\repos\serverpf\library\lib\myservercore\release\myservercore.pdb
c:\users\see\source\repos\serverpf\myservercore\x64\release\pch.obj
c:\users\see\source\repos\serverpf\myservercore\x64\release\netservice.obj
c:\users\see\source\repos\serverpf\myservercore\x64\release\memorypool.obj
c:\users\see\source\repos\serverpf\myservercore\x64\release\memory.obj
c:\users\see\source\repos\serverpf\myservercore\x64\release\lockqueue.obj
c:\users\see\source\repos\serverpf\myservercore\x64\release\listensession.obj
c:\users\see\source\repos\serverpf\myservercore\x64\release\jobtimer.obj
c:\users\see\source\repos\serverpf\myservercore\x64\release\jobqueue.obj
c:\users\see\source\repos\serverpf\myservercore\x64\release\job.obj
c:\users\see\source\repos\serverpf\myservercore\x64\release\iocpevent.obj
c:\users\see\source\repos\serverpf\myservercore\x64\release\iocpcore.obj
c:\users\see\source\repos\serverpf\myservercore\x64\release\globalqueue.obj
c:\users\see\source\repos\serverpf\myservercore\x64\release\fileutils.obj
c:\users\see\source\repos\serverpf\myservercore\x64\release\dbsynchronizer.obj
c:\users\see\source\repos\serverpf\myservercore\x64\release\dbmodel.obj
c:\users\see\source\repos\serverpf\myservercore\x64\release\coreglobal.obj
c:\users\see\source\repos\serverpf\myservercore\x64\release\dbconnectionpool.obj
c:\users\see\source\repos\serverpf\myservercore\x64\release\dbconnection.obj
c:\users\see\source\repos\serverpf\myservercore\x64\release\dbbind.obj
c:\users\see\source\repos\serverpf\myservercore\x64\release\consolelog.obj
c:\users\see\source\repos\serverpf\myservercore\x64\release\allocator.obj
c:\users\see\source\repos\serverpf\myservercore\x64\release\xmlparser.obj
c:\users\see\source\repos\serverpf\myservercore\x64\release\corepch.obj
c:\users\see\source\repos\serverpf\myservercore\x64\release\threadmanager.obj
c:\users\see\source\repos\serverpf\myservercore\x64\release\session.obj
c:\users\see\source\repos\serverpf\myservercore\x64\release\sendbuffer.obj
c:\users\see\source\repos\serverpf\myservercore\x64\release\recvbuffer.obj
c:\users\see\source\repos\serverpf\myservercore\x64\release\objectpool.obj
c:\users\see\source\repos\serverpf\myservercore\x64\release\socketutils.obj
c:\users\see\source\repos\serverpf\library\lib\myservercore\release\myservercore.lib
c:\users\see\source\repos\serverpf\myservercore\x64\release\myservercore.tlog\cl.command.1.tlog
c:\users\see\source\repos\serverpf\myservercore\x64\release\myservercore.tlog\cl.read.1.tlog
c:\users\see\source\repos\serverpf\myservercore\x64\release\myservercore.tlog\cl.write.1.tlog
c:\users\see\source\repos\serverpf\myservercore\x64\release\myservercore.tlog\lib-link.read.1.tlog
c:\users\see\source\repos\serverpf\myservercore\x64\release\myservercore.tlog\lib-link.write.1.tlog
c:\users\see\source\repos\serverpf\myservercore\x64\release\myservercore.tlog\lib.command.1.tlog
