<<<<<<< HEAD
c:\users\see\source\repos\myserverpf\library\lib\myservercore\debug\myservercore.pdb
c:\users\see\source\repos\myserverpf\library\lib\myservercore\debug\myservercore.idb
c:\users\see\source\repos\myserverpf\myservercore\x64\debug\xmlparser.obj
c:\users\see\source\repos\myserverpf\myservercore\x64\debug\coreglobal.obj
c:\users\see\source\repos\myserverpf\myservercore\x64\debug\netservice.obj
c:\users\see\source\repos\myserverpf\myservercore\x64\debug\listensession.obj
c:\users\see\source\repos\myserverpf\myservercore\x64\debug\jobqueue.obj
c:\users\see\source\repos\myserverpf\myservercore\x64\debug\iocpcore.obj
c:\users\see\source\repos\myserverpf\myservercore\x64\debug\globalqueue.obj
c:\users\see\source\repos\myserverpf\myservercore\x64\debug\dbmodel.obj
c:\users\see\source\repos\myserverpf\myservercore\x64\debug\allocator.obj
c:\users\see\source\repos\myserverpf\myservercore\x64\debug\jobtimer.obj
c:\users\see\source\repos\myserverpf\myservercore\x64\debug\corepch.obj
c:\users\see\source\repos\myserverpf\myservercore\x64\debug\memorypool.obj
c:\users\see\source\repos\myserverpf\myservercore\x64\debug\myservercore.pch
c:\users\see\source\repos\myserverpf\myservercore\x64\debug\pch.obj
c:\users\see\source\repos\myserverpf\myservercore\x64\debug\memory.obj
c:\users\see\source\repos\myserverpf\myservercore\x64\debug\lockqueue.obj
c:\users\see\source\repos\myserverpf\myservercore\x64\debug\job.obj
c:\users\see\source\repos\myserverpf\myservercore\x64\debug\iocpevent.obj
c:\users\see\source\repos\myserverpf\myservercore\x64\debug\fileutils.obj
c:\users\see\source\repos\myserverpf\myservercore\x64\debug\dbsynchronizer.obj
c:\users\see\source\repos\myserverpf\myservercore\x64\debug\dbconnectionpool.obj
c:\users\see\source\repos\myserverpf\myservercore\x64\debug\dbconnection.obj
c:\users\see\source\repos\myserverpf\myservercore\x64\debug\dbbind.obj
c:\users\see\source\repos\myserverpf\myservercore\x64\debug\consolelog.obj
c:\users\see\source\repos\myserverpf\myservercore\x64\debug\threadmanager.obj
c:\users\see\source\repos\myserverpf\myservercore\x64\debug\session.obj
c:\users\see\source\repos\myserverpf\myservercore\x64\debug\sendbuffer.obj
c:\users\see\source\repos\myserverpf\myservercore\x64\debug\recvbuffer.obj
c:\users\see\source\repos\myserverpf\myservercore\x64\debug\objectpool.obj
c:\users\see\source\repos\myserverpf\myservercore\x64\debug\socketutils.obj
c:\users\see\source\repos\myserverpf\library\lib\myservercore\debug\myservercore.lib
=======
c:\users\see\source\repos\myserverpf\library\debug\myservercore.pdb
c:\users\see\source\repos\myserverpf\library\debug\myservercore.idb
c:\users\see\source\repos\myserverpf\myservercore\x64\debug\session.obj
c:\users\see\source\repos\myserverpf\myservercore\x64\debug\netutils.obj
c:\users\see\source\repos\myserverpf\myservercore\x64\debug\netservice.obj
c:\users\see\source\repos\myserverpf\myservercore\x64\debug\listensession.obj
c:\users\see\source\repos\myserverpf\myservercore\x64\debug\iocpcore.obj
c:\users\see\source\repos\myserverpf\myservercore\x64\debug\iocpevent.obj
c:\users\see\source\repos\myserverpf\myservercore\x64\debug\sendbuffer.obj
c:\users\see\source\repos\myserverpf\myservercore\x64\debug\recvbuffer.obj
c:\users\see\source\repos\myserverpf\myservercore\x64\debug\memorypool.obj
c:\users\see\source\repos\myserverpf\myservercore\x64\debug\memory.obj
c:\users\see\source\repos\myserverpf\myservercore\x64\debug\global.obj
c:\users\see\source\repos\myserverpf\myservercore\x64\debug\allocator.obj
c:\users\see\source\repos\myserverpf\myservercore\x64\debug\dbconnectionpool.obj
c:\users\see\source\repos\myserverpf\myservercore\x64\debug\dbconnection.obj
c:\users\see\source\repos\myserverpf\myservercore\x64\debug\dbbind.obj
c:\users\see\source\repos\myserverpf\myservercore\x64\debug\myservercore.pch
c:\users\see\source\repos\myserverpf\myservercore\x64\debug\pch.obj
c:\users\see\source\repos\myserverpf\myservercore\x64\debug\coreglobal.obj
c:\users\see\source\repos\myserverpf\library\debug\myservercore.lib
c:\users\see\source\repos\myserverpf\myservercore\x64\debug\iocpobject.obj
>>>>>>> 7e8ca52f7ca9a9b03473d1cacb2e5bf7e58bd8a2
c:\users\see\source\repos\myserverpf\myservercore\x64\debug\myservercore.tlog\cl.command.1.tlog
c:\users\see\source\repos\myserverpf\myservercore\x64\debug\myservercore.tlog\cl.read.1.tlog
c:\users\see\source\repos\myserverpf\myservercore\x64\debug\myservercore.tlog\cl.write.1.tlog
c:\users\see\source\repos\myserverpf\myservercore\x64\debug\myservercore.tlog\lib-link.read.1.tlog
c:\users\see\source\repos\myserverpf\myservercore\x64\debug\myservercore.tlog\lib-link.write.1.tlog
c:\users\see\source\repos\myserverpf\myservercore\x64\debug\myservercore.tlog\lib.command.1.tlog
